<?xml version="1.0" encoding="UTF-8"?>
<!-- Generated by org.testng.reporters.JUnitXMLReporter -->
<testsuite ignored="0" hostname="DESKTOP-C6UIG0F" failures="0" tests="5" name="Surefire test" time="0.131" errors="0" timestamp="2023-03-29T12:32:15 IST">
  <testcase classname="org.example.AppTest" name="closeUMS" time="0.006"/>
  <testcase classname="org.example.AppTest" name="openBrowser" time="0.0"/>
  <testcase classname="org.example.AppTest" name="clickUMS" time="0.001"/>
  <testcase classname="org.example.AppTest" name="openUMS" time="0.001"/>
  <testcase classname="org.example.AppTest" name="openHomePage" time="0.0"/>
</testsuite> <!-- Surefire test -->
