<?xml version="1.0" encoding="UTF-8"?>
<testsuite xmlns:xsi="http://www.w3.org/2001/XMLSchema-instance" xsi:noNamespaceSchemaLocation="https://maven.apache.org/surefire/maven-surefire-plugin/xsd/surefire-test-report.xsd" name="org.example.AppTest" time="4.2" tests="5" errors="0" skipped="0" failures="0">
  <properties>
[...]
</properties>
  <testcase name="closeUMS" classname="org.example.AppTest" time="0.009"/>
  <testcase name="openBrowser" classname="org.example.AppTest" time="0.001"/>
  <testcase name="clickUMS" classname="org.example.AppTest" time="0"/>
  <testcase name="openUMS" classname="org.example.AppTest" time="0.001"/>
  <testcase name="openHomePage" classname="org.example.AppTest" time="0.001"/>
</testsuite>