<?xml version="1.0" encoding="UTF-8"?>
<testng-results ignored="0" total="5" passed="5" failed="0" skipped="0">
  <reporter-output>
  </reporter-output>
  <suite started-at="2023-03-29T12:32:14 IST" name="Surefire suite" finished-at="2023-03-29T12:32:14 IST" duration-ms="131">
    <groups>
    </groups>
    <test started-at="2023-03-29T12:32:14 IST" name="Surefire test" finished-at="2023-03-29T12:32:14 IST" duration-ms="131">
      <class name="org.example.AppTest">
        <test-method signature="closeUMS()[pri:0, instance:org.example.AppTest@b7f23d9]" started-at="2023-03-29T12:32:14 IST" name="closeUMS" finished-at="2023-03-29T12:32:14 IST" duration-ms="6" status="PASS">
          <reporter-output>
          </reporter-output>
        </test-method> <!-- closeUMS -->
        <test-method signature="openBrowser()[pri:0, instance:org.example.AppTest@b7f23d9]" started-at="2023-03-29T12:32:14 IST" name="openBrowser" finished-at="2023-03-29T12:32:14 IST" duration-ms="0" status="PASS">
          <reporter-output>
          </reporter-output>
        </test-method> <!-- openBrowser -->
        <test-method signature="clickUMS()[pri:1, instance:org.example.AppTest@b7f23d9]" started-at="2023-03-29T12:32:14 IST" name="clickUMS" finished-at="2023-03-29T12:32:14 IST" duration-ms="1" status="PASS">
          <reporter-output>
          </reporter-output>
        </test-method> <!-- clickUMS -->
        <test-method signature="openUMS()[pri:2, instance:org.example.AppTest@b7f23d9]" started-at="2023-03-29T12:32:14 IST" name="openUMS" finished-at="2023-03-29T12:32:14 IST" duration-ms="1" status="PASS">
          <reporter-output>
          </reporter-output>
        </test-method> <!-- openUMS -->
        <test-method signature="openHomePage()[pri:5, instance:org.example.AppTest@b7f23d9]" started-at="2023-03-29T12:32:14 IST" name="openHomePage" finished-at="2023-03-29T12:32:14 IST" duration-ms="0" status="PASS">
          <reporter-output>
          </reporter-output>
        </test-method> <!-- openHomePage -->
      </class> <!-- org.example.AppTest -->
    </test> <!-- Surefire test -->
  </suite> <!-- Surefire suite -->
</testng-results>
